[2023-05-25T19:37:20.478+0400] {processor.py:157} INFO - Started process (PID=327) to work on /home/chinnu/.local/lib/python3.10/site-packages/airflow/example_dags/example_branch_labels.py
[2023-05-25T19:37:20.480+0400] {processor.py:826} INFO - Processing file /home/chinnu/.local/lib/python3.10/site-packages/airflow/example_dags/example_branch_labels.py for tasks to queue
[2023-05-25T19:37:20.481+0400] {logging_mixin.py:149} INFO - [2023-05-25T19:37:20.481+0400] {dagbag.py:541} INFO - Filling up the DagBag from /home/chinnu/.local/lib/python3.10/site-packages/airflow/example_dags/example_branch_labels.py
[2023-05-25T19:37:20.504+0400] {processor.py:836} INFO - DAG(s) dict_keys(['example_branch_labels']) retrieved from /home/chinnu/.local/lib/python3.10/site-packages/airflow/example_dags/example_branch_labels.py
[2023-05-25T19:37:20.590+0400] {logging_mixin.py:149} INFO - [2023-05-25T19:37:20.590+0400] {dag.py:2726} INFO - Sync 1 DAGs
[2023-05-25T19:37:20.632+0400] {logging_mixin.py:149} INFO - [2023-05-25T19:37:20.632+0400] {dag.py:3486} INFO - Setting next_dagrun for example_branch_labels to 2023-05-24T00:00:00+00:00, run_after=2023-05-25T00:00:00+00:00
[2023-05-25T19:37:20.887+0400] {processor.py:179} INFO - Processing /home/chinnu/.local/lib/python3.10/site-packages/airflow/example_dags/example_branch_labels.py took 0.416 seconds
[2023-05-25T19:38:38.602+0400] {processor.py:157} INFO - Started process (PID=410) to work on /home/chinnu/.local/lib/python3.10/site-packages/airflow/example_dags/example_branch_labels.py
[2023-05-25T19:38:38.604+0400] {processor.py:826} INFO - Processing file /home/chinnu/.local/lib/python3.10/site-packages/airflow/example_dags/example_branch_labels.py for tasks to queue
[2023-05-25T19:38:38.605+0400] {logging_mixin.py:149} INFO - [2023-05-25T19:38:38.605+0400] {dagbag.py:541} INFO - Filling up the DagBag from /home/chinnu/.local/lib/python3.10/site-packages/airflow/example_dags/example_branch_labels.py
[2023-05-25T19:38:38.625+0400] {processor.py:836} INFO - DAG(s) dict_keys(['example_branch_labels']) retrieved from /home/chinnu/.local/lib/python3.10/site-packages/airflow/example_dags/example_branch_labels.py
[2023-05-25T19:38:38.907+0400] {logging_mixin.py:149} INFO - [2023-05-25T19:38:38.906+0400] {dag.py:2726} INFO - Sync 1 DAGs
[2023-05-25T19:38:38.957+0400] {logging_mixin.py:149} INFO - [2023-05-25T19:38:38.957+0400] {dag.py:3486} INFO - Setting next_dagrun for example_branch_labels to 2023-05-24T00:00:00+00:00, run_after=2023-05-25T00:00:00+00:00
[2023-05-25T19:38:39.004+0400] {processor.py:179} INFO - Processing /home/chinnu/.local/lib/python3.10/site-packages/airflow/example_dags/example_branch_labels.py took 0.410 seconds
[2023-05-25T19:39:53.879+0400] {processor.py:157} INFO - Started process (PID=470) to work on /home/chinnu/.local/lib/python3.10/site-packages/airflow/example_dags/example_branch_labels.py
[2023-05-25T19:39:53.883+0400] {processor.py:826} INFO - Processing file /home/chinnu/.local/lib/python3.10/site-packages/airflow/example_dags/example_branch_labels.py for tasks to queue
[2023-05-25T19:39:53.885+0400] {logging_mixin.py:149} INFO - [2023-05-25T19:39:53.884+0400] {dagbag.py:541} INFO - Filling up the DagBag from /home/chinnu/.local/lib/python3.10/site-packages/airflow/example_dags/example_branch_labels.py
[2023-05-25T19:39:53.916+0400] {processor.py:836} INFO - DAG(s) dict_keys(['example_branch_labels']) retrieved from /home/chinnu/.local/lib/python3.10/site-packages/airflow/example_dags/example_branch_labels.py
[2023-05-25T19:39:54.022+0400] {logging_mixin.py:149} INFO - [2023-05-25T19:39:54.022+0400] {dag.py:2726} INFO - Sync 1 DAGs
[2023-05-25T19:39:54.059+0400] {logging_mixin.py:149} INFO - [2023-05-25T19:39:54.058+0400] {dag.py:3486} INFO - Setting next_dagrun for example_branch_labels to 2023-05-24T00:00:00+00:00, run_after=2023-05-25T00:00:00+00:00
[2023-05-25T19:39:54.090+0400] {processor.py:179} INFO - Processing /home/chinnu/.local/lib/python3.10/site-packages/airflow/example_dags/example_branch_labels.py took 0.224 seconds
[2023-05-25T19:40:55.272+0400] {processor.py:157} INFO - Started process (PID=521) to work on /home/chinnu/.local/lib/python3.10/site-packages/airflow/example_dags/example_branch_labels.py
[2023-05-25T19:40:55.275+0400] {processor.py:826} INFO - Processing file /home/chinnu/.local/lib/python3.10/site-packages/airflow/example_dags/example_branch_labels.py for tasks to queue
[2023-05-25T19:40:55.277+0400] {logging_mixin.py:149} INFO - [2023-05-25T19:40:55.277+0400] {dagbag.py:541} INFO - Filling up the DagBag from /home/chinnu/.local/lib/python3.10/site-packages/airflow/example_dags/example_branch_labels.py
[2023-05-25T19:40:55.306+0400] {processor.py:836} INFO - DAG(s) dict_keys(['example_branch_labels']) retrieved from /home/chinnu/.local/lib/python3.10/site-packages/airflow/example_dags/example_branch_labels.py
[2023-05-25T19:40:55.372+0400] {logging_mixin.py:149} INFO - [2023-05-25T19:40:55.372+0400] {dag.py:2726} INFO - Sync 1 DAGs
[2023-05-25T19:40:55.469+0400] {logging_mixin.py:149} INFO - [2023-05-25T19:40:55.469+0400] {dag.py:3486} INFO - Setting next_dagrun for example_branch_labels to 2023-05-24T00:00:00+00:00, run_after=2023-05-25T00:00:00+00:00
[2023-05-25T19:40:55.537+0400] {processor.py:182} ERROR - Got an exception! Propagating...
Traceback (most recent call last):
  File "/home/chinnu/.local/lib/python3.10/site-packages/sqlalchemy/engine/base.py", line 1094, in _commit_impl
    self.engine.dialect.do_commit(self.connection)
  File "/home/chinnu/.local/lib/python3.10/site-packages/sqlalchemy/engine/default.py", line 686, in do_commit
    dbapi_connection.commit()
sqlite3.OperationalError: disk I/O error

The above exception was the direct cause of the following exception:

Traceback (most recent call last):
  File "/home/chinnu/.local/lib/python3.10/site-packages/airflow/dag_processing/processor.py", line 178, in _run_file_processor
    _handle_dag_file_processing()
  File "/home/chinnu/.local/lib/python3.10/site-packages/airflow/dag_processing/processor.py", line 159, in _handle_dag_file_processing
    result: tuple[int, int] = dag_file_processor.process_file(
  File "/home/chinnu/.local/lib/python3.10/site-packages/airflow/utils/session.py", line 76, in wrapper
    return func(*args, session=session, **kwargs)
  File "/home/chinnu/.local/lib/python3.10/site-packages/airflow/dag_processing/processor.py", line 854, in process_file
    serialize_errors = DagFileProcessor.save_dag_to_db(
  File "/home/chinnu/.local/lib/python3.10/site-packages/airflow/api_internal/internal_api_call.py", line 112, in wrapper
    return func(*args, **kwargs)
  File "/home/chinnu/.local/lib/python3.10/site-packages/airflow/utils/session.py", line 76, in wrapper
    return func(*args, session=session, **kwargs)
  File "/home/chinnu/.local/lib/python3.10/site-packages/airflow/dag_processing/processor.py", line 891, in save_dag_to_db
    session.commit()
  File "/home/chinnu/.local/lib/python3.10/site-packages/sqlalchemy/orm/session.py", line 1454, in commit
    self._transaction.commit(_to_root=self.future)
  File "/home/chinnu/.local/lib/python3.10/site-packages/sqlalchemy/orm/session.py", line 839, in commit
    trans.commit()
  File "/home/chinnu/.local/lib/python3.10/site-packages/sqlalchemy/engine/base.py", line 2464, in commit
    self._do_commit()
  File "/home/chinnu/.local/lib/python3.10/site-packages/sqlalchemy/engine/base.py", line 2654, in _do_commit
    self._connection_commit_impl()
  File "/home/chinnu/.local/lib/python3.10/site-packages/sqlalchemy/engine/base.py", line 2625, in _connection_commit_impl
    self.connection._commit_impl()
  File "/home/chinnu/.local/lib/python3.10/site-packages/sqlalchemy/engine/base.py", line 1096, in _commit_impl
    self._handle_dbapi_exception(e, None, None, None, None)
  File "/home/chinnu/.local/lib/python3.10/site-packages/sqlalchemy/engine/base.py", line 2129, in _handle_dbapi_exception
    util.raise_(
  File "/home/chinnu/.local/lib/python3.10/site-packages/sqlalchemy/util/compat.py", line 211, in raise_
    raise exception
  File "/home/chinnu/.local/lib/python3.10/site-packages/sqlalchemy/engine/base.py", line 1094, in _commit_impl
    self.engine.dialect.do_commit(self.connection)
  File "/home/chinnu/.local/lib/python3.10/site-packages/sqlalchemy/engine/default.py", line 686, in do_commit
    dbapi_connection.commit()
sqlalchemy.exc.OperationalError: (sqlite3.OperationalError) disk I/O error
(Background on this error at: https://sqlalche.me/e/14/e3q8)
[2023-05-25T19:41:55.894+0400] {processor.py:157} INFO - Started process (PID=571) to work on /home/chinnu/.local/lib/python3.10/site-packages/airflow/example_dags/example_branch_labels.py
[2023-05-25T19:41:55.898+0400] {processor.py:826} INFO - Processing file /home/chinnu/.local/lib/python3.10/site-packages/airflow/example_dags/example_branch_labels.py for tasks to queue
[2023-05-25T19:41:55.902+0400] {logging_mixin.py:149} INFO - [2023-05-25T19:41:55.901+0400] {dagbag.py:541} INFO - Filling up the DagBag from /home/chinnu/.local/lib/python3.10/site-packages/airflow/example_dags/example_branch_labels.py
[2023-05-25T19:41:55.924+0400] {processor.py:836} INFO - DAG(s) dict_keys(['example_branch_labels']) retrieved from /home/chinnu/.local/lib/python3.10/site-packages/airflow/example_dags/example_branch_labels.py
[2023-05-25T19:41:55.983+0400] {logging_mixin.py:149} INFO - [2023-05-25T19:41:55.983+0400] {dag.py:2726} INFO - Sync 1 DAGs
[2023-05-25T19:41:56.017+0400] {logging_mixin.py:149} INFO - [2023-05-25T19:41:56.017+0400] {dag.py:3486} INFO - Setting next_dagrun for example_branch_labels to 2023-05-24T00:00:00+00:00, run_after=2023-05-25T00:00:00+00:00
[2023-05-25T19:41:56.054+0400] {processor.py:179} INFO - Processing /home/chinnu/.local/lib/python3.10/site-packages/airflow/example_dags/example_branch_labels.py took 0.174 seconds
[2023-05-25T19:42:56.829+0400] {processor.py:157} INFO - Started process (PID=622) to work on /home/chinnu/.local/lib/python3.10/site-packages/airflow/example_dags/example_branch_labels.py
[2023-05-25T19:42:56.835+0400] {processor.py:826} INFO - Processing file /home/chinnu/.local/lib/python3.10/site-packages/airflow/example_dags/example_branch_labels.py for tasks to queue
[2023-05-25T19:42:56.838+0400] {logging_mixin.py:149} INFO - [2023-05-25T19:42:56.838+0400] {dagbag.py:541} INFO - Filling up the DagBag from /home/chinnu/.local/lib/python3.10/site-packages/airflow/example_dags/example_branch_labels.py
[2023-05-25T19:42:56.879+0400] {processor.py:836} INFO - DAG(s) dict_keys(['example_branch_labels']) retrieved from /home/chinnu/.local/lib/python3.10/site-packages/airflow/example_dags/example_branch_labels.py
[2023-05-25T19:42:56.967+0400] {logging_mixin.py:149} INFO - [2023-05-25T19:42:56.967+0400] {dag.py:2726} INFO - Sync 1 DAGs
[2023-05-25T19:42:57.012+0400] {logging_mixin.py:149} INFO - [2023-05-25T19:42:57.012+0400] {dag.py:3486} INFO - Setting next_dagrun for example_branch_labels to 2023-05-24T00:00:00+00:00, run_after=2023-05-25T00:00:00+00:00
[2023-05-25T19:42:57.056+0400] {processor.py:179} INFO - Processing /home/chinnu/.local/lib/python3.10/site-packages/airflow/example_dags/example_branch_labels.py took 0.250 seconds
